<?xml version="1.0" encoding="UTF-8"?>
<!-- Generated by org.testng.reporters.JUnitReportReporter -->
<testsuite hostname="LAPTOP-VNBA3OG5" failures="0" tests="1" name="CountDataTypes.CountDataTypesString" time="0.013" errors="0" timestamp="2021-10-04T23:07:56 CDT" skipped="0">
  <testcase classname="CountDataTypes.CountDataTypesString" name="findCountOfDataTypesInAString" time="0.013"/>
  <system-out/>
</testsuite> <!-- CountDataTypes.CountDataTypesString -->
